<?xml version="1.0" encoding="UTF-8"?>
<testsuite name="com.tcqq.reviewscoreview.ExampleUnitTest" tests="1" skipped="0" failures="0" errors="0" timestamp="2019-07-29T02:34:54" hostname="DESKTOP-HT2Q3MF" time="0.0">
  <properties/>
  <testcase name="addition_isCorrect" classname="com.tcqq.reviewscoreview.ExampleUnitTest" time="0.0"/>
  <system-out><![CDATA[]]></system-out>
  <system-err><![CDATA[]]></system-err>
</testsuite>
